C51 COMPILER V9.57.0.0   IRQ                                                               05/30/2019 14:13:12 PAGE 1   


C51 COMPILER V9.57.0.0, COMPILATION OF MODULE IRQ
OBJECT MODULE PLACED IN IRQ.OBJ
COMPILER INVOKED BY: F:\Keil_v5\C51\BIN\C51.EXE IRQ.c BROWSE DEBUG OBJECTEXTEND

line level    source

   1          unsigned char keyscan(void)
   2          {
   3   1              P1=0x0f;
*** ERROR C202 IN LINE 3 OF IRQ.c: 'P1': undefined identifier
   4   1              if((P1&0x0f)!=0x0f)
*** ERROR C202 IN LINE 4 OF IRQ.c: 'P1': undefined identifier
   5   1              {
   6   2                      flag=1;
*** ERROR C202 IN LINE 6 OF IRQ.c: 'flag': undefined identifier
   7   2                      P1=0xef;
*** ERROR C202 IN LINE 7 OF IRQ.c: 'P1': undefined identifier
   8   2                      switch(P1&0x0f)
*** ERROR C202 IN LINE 8 OF IRQ.c: 'P1': undefined identifier
   9   2                      {
  10   3                              case 0x0e:while((P1&0x0f)!=0x0f);return('*');
*** ERROR C202 IN LINE 10 OF IRQ.c: 'P1': undefined identifier
  11   3                              case 0x0d:while((P1&0x0f)!=0x0f);return(7);
*** ERROR C202 IN LINE 11 OF IRQ.c: 'P1': undefined identifier
  12   3                              case 0x0b:while((P1&0x0f)!=0x0f);return(4);
*** ERROR C202 IN LINE 12 OF IRQ.c: 'P1': undefined identifier
  13   3                              case 0x07:while((P1&0x0f)!=0x0f);return(1);
*** ERROR C202 IN LINE 13 OF IRQ.c: 'P1': undefined identifier
  14   3                              default:  break;
  15   3                      }
  16   2                      P1=0xdf;
*** ERROR C202 IN LINE 16 OF IRQ.c: 'P1': undefined identifier
  17   2                      switch(P1&0x0f)
*** ERROR C202 IN LINE 17 OF IRQ.c: 'P1': undefined identifier
  18   2                      {
  19   3                              case 0x0e:while((P1&0x0f)!=0x0f);return(0);
*** ERROR C202 IN LINE 19 OF IRQ.c: 'P1': undefined identifier
  20   3                              case 0x0d:while((P1&0x0f)!=0x0f);return(8);
*** ERROR C202 IN LINE 20 OF IRQ.c: 'P1': undefined identifier
  21   3                              case 0x0b:while((P1&0x0f)!=0x0f);return(5);
*** ERROR C202 IN LINE 21 OF IRQ.c: 'P1': undefined identifier
  22   3                              case 0x07:while((P1&0x0f)!=0x0f);return(2);
*** ERROR C202 IN LINE 22 OF IRQ.c: 'P1': undefined identifier
  23   3                              default:  break;
  24   3                      }
  25   2      
  26   2                      P1=0xbf;
*** ERROR C202 IN LINE 26 OF IRQ.c: 'P1': undefined identifier
  27   2                      switch(P1&0x0f)
*** ERROR C202 IN LINE 27 OF IRQ.c: 'P1': undefined identifier
  28   2                      {
  29   3                              case 0x0e:while((P1&0x0f)!=0x0f);return('#');
*** ERROR C202 IN LINE 29 OF IRQ.c: 'P1': undefined identifier
  30   3                              case 0x0d:while((P1&0x0f)!=0x0f);return(9);
*** ERROR C202 IN LINE 30 OF IRQ.c: 'P1': undefined identifier
  31   3                              case 0x0b:while((P1&0x0f)!=0x0f);return(6);
*** ERROR C202 IN LINE 31 OF IRQ.c: 'P1': undefined identifier
  32   3                              case 0x07:while((P1&0x0f)!=0x0f);return(3);
*** ERROR C202 IN LINE 32 OF IRQ.c: 'P1': undefined identifier
  33   3                              default:  break;
  34   3                      }
C51 COMPILER V9.57.0.0   IRQ                                                               05/30/2019 14:13:12 PAGE 2   

  35   2              }
  36   1              else  return(key);
*** ERROR C202 IN LINE 36 OF IRQ.c: 'key': undefined identifier
  37   1              
  38   1      }
  39          
  40          
  41          void timer0(void) interrupt 1           //定时器0方式1，50ms中断一次
  42          {
  43   1              ltime++;
*** ERROR C202 IN LINE 43 OF IRQ.c: 'ltime': undefined identifier
  44   1              TH0=(65536-50000)/256; //50ms
*** ERROR C202 IN LINE 44 OF IRQ.c: 'TH0': undefined identifier
  45   1              TL0=(65536-50000)%256; 
*** ERROR C202 IN LINE 45 OF IRQ.c: 'TL0': undefined identifier
  46   1              key=keyscan();                                
*** ERROR C202 IN LINE 46 OF IRQ.c: 'key': undefined identifier
  47   1      }
  48          
  49          
  50          

C51 COMPILATION COMPLETE.  0 WARNING(S),  26 ERROR(S)
