C51 COMPILER V9.55   KEY                                                                   04/27/2017 14:36:32 PAGE 1   


C51 COMPILER V9.55, COMPILATION OF MODULE KEY
OBJECT MODULE PLACED IN .\Objects\key.obj
COMPILER INVOKED BY: C:\Software\Keil_v5\C51\BIN\C51.EXE key.c OPTIMIZE(8,SPEED) BROWSE DEBUG OBJECTEXTEND PRINT(.\Listi
                    -ngs\key.lst) OBJECT(.\Objects\key.obj)

line level    source

   1          #include "key.h"
   2          void Delay10ms()                //@11.0592MHz
   3          {
   4   1              unsigned char i, j;
   5   1      
   6   1              i = 18;
   7   1              j = 235;
   8   1              do
   9   1              {
  10   2                      while (--j);
  11   2              } while (--i);
  12   1      }
  13          
  14          
  15          u8 KeyScan()
  16          {
  17   1              u8 i = 0;
  18   1              u8 keyValue = 0;
  19   1              if(KEY1 == 0)
  20   1              {
  21   2                      Delay10ms();
  22   2                      if(KEY1 == 0)
  23   2                      {
  24   3                              keyValue = 1;
  25   3                              i = 0;
  26   3                              while ((i<50) && (KEY1==0))             //¼ì²â°´¼üÊÇ·ñËÉ¿ª
  27   3                              {
  28   4                                      Delay10ms();
  29   4                                      i++;
  30   4                              }
  31   3                      }
  32   2              }
  33   1      
  34   1              if(KEY2 == 0)
  35   1              {
  36   2                      Delay10ms();
  37   2                      if(KEY2 == 0)
  38   2                      {
  39   3                              keyValue = 2;
  40   3                              i = 0;
  41   3                              while ((i<50) && (KEY2==0))             //¼ì²â°´¼üÊÇ·ñËÉ¿ª
  42   3                              {
  43   4                                      Delay10ms();
  44   4                                      i++;
  45   4                              }
  46   3                      }
  47   2              }
  48   1              
  49   1              if(KEY3 == 0)
  50   1              {
  51   2                      Delay10ms();
  52   2                      if(KEY3 == 0)
  53   2                      {
  54   3                              keyValue = 3;
C51 COMPILER V9.55   KEY                                                                   04/27/2017 14:36:32 PAGE 2   

  55   3                              i = 0;
  56   3                              while ((i<50) && (KEY3==0))             //¼ì²â°´¼üÊÇ·ñËÉ¿ª
  57   3                              {
  58   4                                      Delay10ms();
  59   4                                      i++;
  60   4                              }
  61   3                      }
  62   2              }
  63   1              
  64   1              if(KEY4 == 0)
  65   1              {
  66   2                      Delay10ms();
  67   2                      if(KEY4 == 0)
  68   2                      {
  69   3                              keyValue = 4;
  70   3                              i = 0;
  71   3                              while ((i<50) && (KEY4==0))             //¼ì²â°´¼üÊÇ·ñËÉ¿ª
  72   3                              {
  73   4                                      Delay10ms();
  74   4                                      i++;
  75   4                              }
  76   3                      }
  77   2              }
  78   1      
  79   1              if(KEY5 == 0)
  80   1              {
  81   2                      Delay10ms();
  82   2                      if(KEY5 == 0)
  83   2                      {
  84   3                              keyValue = 5;
  85   3                              i = 0;
  86   3                              while ((i<20) && (KEY5==0))             //¼ì²â°´¼üÊÇ·ñËÉ¿ª
  87   3                              {
  88   4                                      Delay10ms();
  89   4                                      i++;
  90   4                              }
  91   3                      }
  92   2              }
  93   1              
  94   1              if(KEY6 == 0)
  95   1              {
  96   2                      Delay10ms();
  97   2                      if(KEY6 == 0)
  98   2                      {
  99   3                              keyValue = 6;
 100   3                              i = 0;
 101   3                              while ((i<20) && (KEY6==0))             //¼ì²â°´¼üÊÇ·ñËÉ¿ª
 102   3                              {
 103   4                                      Delay10ms();
 104   4                                      i++;
 105   4                              }
 106   3                      }
 107   2              }
 108   1              return keyValue;
 109   1      }


MODULE INFORMATION:   STATIC OVERLAYABLE
   CODE SIZE        =    150    ----
   CONSTANT SIZE    =   ----    ----
   XDATA SIZE       =   ----    ----
   PDATA SIZE       =   ----    ----
C51 COMPILER V9.55   KEY                                                                   04/27/2017 14:36:32 PAGE 3   

   DATA SIZE        =   ----    ----
   IDATA SIZE       =   ----    ----
   BIT SIZE         =   ----    ----
END OF MODULE INFORMATION.


C51 COMPILATION COMPLETE.  0 WARNING(S),  0 ERROR(S)
